2018-11-05 15:07:13,339 INFO o.a.j.u.JMeterUtils: Setting Locale to zh_CN
2018-11-05 15:07:13,354 INFO o.a.j.JMeter: Loading user properties from: user.properties
2018-11-05 15:07:13,355 INFO o.a.j.JMeter: Loading system properties from: system.properties
2018-11-05 15:07:13,356 INFO o.a.j.JMeter: Setting JMeter property: jmeter.save.saveservice.output_format=xml
2018-11-05 15:07:13,365 INFO o.a.j.JMeter: Copyright (c) 1998-2018 The Apache Software Foundation
2018-11-05 15:07:13,365 INFO o.a.j.JMeter: Version 4.0 r1823414
2018-11-05 15:07:13,365 INFO o.a.j.JMeter: java.version=1.8.0_181
2018-11-05 15:07:13,366 INFO o.a.j.JMeter: java.vm.name=Java HotSpot(TM) 64-Bit Server VM
2018-11-05 15:07:13,366 INFO o.a.j.JMeter: os.name=Windows 10
2018-11-05 15:07:13,366 INFO o.a.j.JMeter: os.arch=amd64
2018-11-05 15:07:13,366 INFO o.a.j.JMeter: os.version=10.0
2018-11-05 15:07:13,366 INFO o.a.j.JMeter: file.encoding=GBK
2018-11-05 15:07:13,366 INFO o.a.j.JMeter: Max memory     =1881145344
2018-11-05 15:07:13,366 INFO o.a.j.JMeter: Available Processors =8
2018-11-05 15:07:13,372 INFO o.a.j.JMeter: Default Locale=中文 (中国)
2018-11-05 15:07:13,373 INFO o.a.j.JMeter: JMeter  Locale=中文 (中国)
2018-11-05 15:07:13,373 INFO o.a.j.JMeter: JMeterHome=D:\Program Files\apache-jmeter-4.0
2018-11-05 15:07:13,373 INFO o.a.j.JMeter: user.dir  =D:\Program Files\apache-jmeter-4.0\bin
2018-11-05 15:07:13,373 INFO o.a.j.JMeter: PWD       =D:\Program Files\apache-jmeter-4.0\bin
2018-11-05 15:07:13,380 INFO o.a.j.JMeter: IP: 192.168.88.1 Name: LAPTOP-N14L60EA FullName: 192.168.88.1
2018-11-05 15:07:13,383 INFO o.a.j.s.FileServer: Default base='D:\Program Files\apache-jmeter-4.0\bin'
2018-11-05 15:07:13,390 INFO o.a.j.s.FileServer: Set new base='D:\Program Files\apache-jmeter-4.0\testSuite\script'
2018-11-05 15:07:13,547 INFO o.a.j.s.SaveService: Testplan (JMX) version: 2.2. Testlog (JTL) version: 2.2
2018-11-05 15:07:13,563 INFO o.a.j.s.SaveService: Using SaveService properties file encoding UTF-8
2018-11-05 15:07:13,567 INFO o.a.j.s.SaveService: Using SaveService properties version 4.0
2018-11-05 15:07:13,572 INFO o.a.j.s.SaveService: Loading file: D:\Program Files\apache-jmeter-4.0\testSuite\script\实战.jmx
2018-11-05 15:07:13,648 INFO o.a.j.p.h.s.HTTPSamplerBase: Parser for text/html is org.apache.jmeter.protocol.http.parser.LagartoBasedHtmlParser
2018-11-05 15:07:13,648 INFO o.a.j.p.h.s.HTTPSamplerBase: Parser for application/xhtml+xml is org.apache.jmeter.protocol.http.parser.LagartoBasedHtmlParser
2018-11-05 15:07:13,648 INFO o.a.j.p.h.s.HTTPSamplerBase: Parser for application/xml is org.apache.jmeter.protocol.http.parser.LagartoBasedHtmlParser
2018-11-05 15:07:13,648 INFO o.a.j.p.h.s.HTTPSamplerBase: Parser for text/xml is org.apache.jmeter.protocol.http.parser.LagartoBasedHtmlParser
2018-11-05 15:07:13,648 INFO o.a.j.p.h.s.HTTPSamplerBase: Parser for text/vnd.wap.wml is org.apache.jmeter.protocol.http.parser.RegexpHTMLParser
2018-11-05 15:07:13,648 INFO o.a.j.p.h.s.HTTPSamplerBase: Parser for text/css is org.apache.jmeter.protocol.http.parser.CssParser
2018-11-05 15:07:13,676 INFO o.a.j.JMeter: Creating summariser <summary>
2018-11-05 15:07:13,680 INFO o.a.j.e.StandardJMeterEngine: Running the test!
2018-11-05 15:07:13,680 INFO o.a.j.s.SampleEvent: List of sample_variables: []
2018-11-05 15:07:13,681 INFO o.a.j.s.SampleEvent: List of sample_variables: []
2018-11-05 15:07:13,685 INFO o.a.j.e.u.CompoundVariable: Note: Function class names must contain the string: '.functions.'
2018-11-05 15:07:13,685 INFO o.a.j.e.u.CompoundVariable: Note: Function class names must not contain the string: '.gui.'
2018-11-05 15:07:14,179 INFO o.a.j.JMeter: 正在运行的测试 (1541401634178)
2018-11-05 15:07:14,261 INFO o.a.j.e.StandardJMeterEngine: Starting ThreadGroup: 1 : 实战
2018-11-05 15:07:14,262 INFO o.a.j.e.StandardJMeterEngine: Starting 1 threads for group 实战.
2018-11-05 15:07:14,262 INFO o.a.j.e.StandardJMeterEngine: Thread will continue on error
2018-11-05 15:07:14,262 INFO o.a.j.t.ThreadGroup: Starting thread group... number=1 threads=1 ramp-up=1 perThread=1000.0 delayedStart=false
2018-11-05 15:07:14,274 INFO o.a.j.t.ThreadGroup: Started thread group number 1
2018-11-05 15:07:14,274 INFO o.a.j.e.StandardJMeterEngine: All thread groups have been started
2018-11-05 15:07:14,279 INFO o.a.j.t.JMeterThread: Thread started: 实战 1-1
2018-11-05 15:07:14,316 INFO o.a.j.p.h.s.HTTPHCAbstractImpl: Local host = LAPTOP-N14L60EA
2018-11-05 15:07:14,328 INFO o.a.j.p.h.s.HTTPHC4Impl: HTTP request retry count = 0
2018-11-05 15:07:14,340 INFO o.a.j.s.SampleResult: Note: Sample TimeStamps are START times
2018-11-05 15:07:14,340 INFO o.a.j.s.SampleResult: sampleresult.default.encoding is set to ISO-8859-1
2018-11-05 15:07:14,341 INFO o.a.j.s.SampleResult: sampleresult.useNanoTime=true
2018-11-05 15:07:14,341 INFO o.a.j.s.SampleResult: sampleresult.nanoThreadSleep=5000
2018-11-05 15:07:35,522 WARN c.a.j.p.j.j.JSONPathExtractor: Extract failed
com.jayway.jsonpath.PathNotFoundException: Expected to find an object with property ['data'] in path $ but found 'java.lang.String'. This is not a json object according to the JsonProvider: 'com.jayway.jsonpath.spi.json.JsonSmartJsonProvider'.
	at com.jayway.jsonpath.internal.path.PropertyPathToken.evaluate(PropertyPathToken.java:71) ~[json-path-2.4.0.jar:2.4.0]
	at com.jayway.jsonpath.internal.path.RootPathToken.evaluate(RootPathToken.java:62) ~[json-path-2.4.0.jar:2.4.0]
	at com.jayway.jsonpath.internal.path.CompiledPath.evaluate(CompiledPath.java:53) ~[json-path-2.4.0.jar:2.4.0]
	at com.jayway.jsonpath.internal.path.CompiledPath.evaluate(CompiledPath.java:61) ~[json-path-2.4.0.jar:2.4.0]
	at com.jayway.jsonpath.JsonPath.read(JsonPath.java:187) ~[json-path-2.4.0.jar:2.4.0]
	at com.jayway.jsonpath.internal.JsonContext.read(JsonContext.java:102) ~[json-path-2.4.0.jar:2.4.0]
	at com.jayway.jsonpath.internal.JsonContext.read(JsonContext.java:89) ~[json-path-2.4.0.jar:2.4.0]
	at com.jayway.jsonpath.JsonPath.read(JsonPath.java:502) ~[json-path-2.4.0.jar:2.4.0]
	at com.atlantbh.jmeter.plugins.jsonutils.jsonpathextractor.JSONPathExtractor.process(JSONPathExtractor.java:102) [jmeter-plugins-json-2.6.jar:?]
	at org.apache.jmeter.threads.JMeterThread.runPostProcessors(JMeterThread.java:839) [ApacheJMeter_core.jar:4.0 r1823414]
	at org.apache.jmeter.threads.JMeterThread.executeSamplePackage(JMeterThread.java:516) [ApacheJMeter_core.jar:4.0 r1823414]
	at org.apache.jmeter.threads.JMeterThread.processSampler(JMeterThread.java:416) [ApacheJMeter_core.jar:4.0 r1823414]
	at org.apache.jmeter.threads.JMeterThread.run(JMeterThread.java:250) [ApacheJMeter_core.jar:4.0 r1823414]
	at java.lang.Thread.run(Thread.java:748) [?:1.8.0_181]
2018-11-05 15:07:35,538 INFO o.a.j.r.Summariser: summary +      1 in 00:00:21 =    0.0/s Avg: 21082 Min: 21082 Max: 21082 Err:     1 (100.00%) Active: 1 Started: 1 Finished: 0
2018-11-05 15:08:17,550 WARN c.a.j.p.j.j.JSONPathExtractor: Extract failed
com.jayway.jsonpath.PathNotFoundException: Expected to find an object with property ['data'] in path $ but found 'java.lang.String'. This is not a json object according to the JsonProvider: 'com.jayway.jsonpath.spi.json.JsonSmartJsonProvider'.
	at com.jayway.jsonpath.internal.path.PropertyPathToken.evaluate(PropertyPathToken.java:71) ~[json-path-2.4.0.jar:2.4.0]
	at com.jayway.jsonpath.internal.path.RootPathToken.evaluate(RootPathToken.java:62) ~[json-path-2.4.0.jar:2.4.0]
	at com.jayway.jsonpath.internal.path.CompiledPath.evaluate(CompiledPath.java:53) ~[json-path-2.4.0.jar:2.4.0]
	at com.jayway.jsonpath.internal.path.CompiledPath.evaluate(CompiledPath.java:61) ~[json-path-2.4.0.jar:2.4.0]
	at com.jayway.jsonpath.JsonPath.read(JsonPath.java:187) ~[json-path-2.4.0.jar:2.4.0]
	at com.jayway.jsonpath.internal.JsonContext.read(JsonContext.java:102) ~[json-path-2.4.0.jar:2.4.0]
	at com.jayway.jsonpath.internal.JsonContext.read(JsonContext.java:89) ~[json-path-2.4.0.jar:2.4.0]
	at com.jayway.jsonpath.JsonPath.read(JsonPath.java:502) ~[json-path-2.4.0.jar:2.4.0]
	at com.atlantbh.jmeter.plugins.jsonutils.jsonpathextractor.JSONPathExtractor.process(JSONPathExtractor.java:102) [jmeter-plugins-json-2.6.jar:?]
	at org.apache.jmeter.threads.JMeterThread.runPostProcessors(JMeterThread.java:839) [ApacheJMeter_core.jar:4.0 r1823414]
	at org.apache.jmeter.threads.JMeterThread.executeSamplePackage(JMeterThread.java:516) [ApacheJMeter_core.jar:4.0 r1823414]
	at org.apache.jmeter.threads.JMeterThread.processSampler(JMeterThread.java:416) [ApacheJMeter_core.jar:4.0 r1823414]
	at org.apache.jmeter.threads.JMeterThread.run(JMeterThread.java:250) [ApacheJMeter_core.jar:4.0 r1823414]
	at java.lang.Thread.run(Thread.java:748) [?:1.8.0_181]
2018-11-05 15:10:02,588 INFO o.a.j.r.Summariser: summary +      7 in 00:02:27 =    0.0/s Avg: 21003 Min: 21002 Max: 21005 Err:     7 (100.00%) Active: 1 Started: 1 Finished: 0
2018-11-05 15:10:02,589 INFO o.a.j.r.Summariser: summary =      8 in 00:02:48 =    0.0/s Avg: 21013 Min: 21002 Max: 21082 Err:     8 (100.00%)
2018-11-05 15:11:05,618 INFO o.a.j.r.Summariser: summary +      3 in 00:01:03 =    0.0/s Avg: 21004 Min: 21004 Max: 21005 Err:     3 (100.00%) Active: 1 Started: 1 Finished: 0
2018-11-05 15:11:05,619 INFO o.a.j.r.Summariser: summary =     11 in 00:03:51 =    0.0/s Avg: 21010 Min: 21002 Max: 21082 Err:    11 (100.00%)
2018-11-05 15:11:05,621 INFO o.a.j.t.JMeterThread: Thread is done: 实战 1-1
2018-11-05 15:11:05,621 INFO o.a.j.t.JMeterThread: Thread finished: 实战 1-1
2018-11-05 15:11:05,622 INFO o.a.j.e.StandardJMeterEngine: Notifying test listeners of end of test
2018-11-05 15:11:05,624 INFO o.a.j.r.Summariser: summary =     11 in 00:03:51 =    0.0/s Avg: 21010 Min: 21002 Max: 21082 Err:    11 (100.00%)
